# JRE version: Java(TM) SE Runtime Environment (8.0_181-b13) (build 1.8.0_181-b13)
# Java VM: Java HotSpot(TM) 64-Bit Server VM (25.181-b13 mixed mode windows-amd64 compressed oops)
Heap:
 PSYoungGen      total 112640K, used 45889K [0x00000000d5f00000, 0x00000000def80000, 0x0000000100000000)
  eden space 105472K, 43% used [0x00000000d5f00000,0x00000000d8bd0568,0x00000000dc600000)
  from space 7168K, 0% used [0x00000000de880000,0x00000000de880000,0x00000000def80000)
  to   space 8192K, 0% used [0x00000000ddf80000,0x00000000ddf80000,0x00000000de780000)
 ParOldGen       total 55296K, used 15623K [0x0000000081c00000, 0x0000000085200000, 0x00000000d5f00000)
  object space 55296K, 28% used [0x0000000081c00000,0x0000000082b41e30,0x0000000085200000)
 Metaspace       used 39826K, capacity 41056K, committed 41264K, reserved 1085440K
  class space    used 5121K, capacity 5363K, committed 5424K, reserved 1048576K
GC Heap History (10 events):
Event: 1.441 GC heap before
{Heap before GC invocations=6 (full 1):
 PSYoungGen      total 71680K, used 5102K [0x00000000d5f00000, 0x00000000df000000, 0x0000000100000000)
  eden space 66560K, 0% used [0x00000000d5f00000,0x00000000d5f00000,0x00000000da000000)
  from space 5120K, 99% used [0x00000000da000000,0x00000000da4fbaa8,0x00000000da500000)
  to   space 7680K, 0% used [0x00000000de880000,0x00000000de880000,0x00000000df000000)
 ParOldGen       total 87552K, used 4003K [0x0000000081c00000, 0x0000000087180000, 0x00000000d5f00000)
  object space 87552K, 4% used [0x0000000081c00000,0x0000000081fe8cd8,0x0000000087180000)
 Metaspace       used 20697K, capacity 21250K, committed 21296K, reserved 1067008K
  class space    used 2678K, capacity 2842K, committed 2864K, reserved 1048576K
Event: 1.466 GC heap after
Heap after GC invocations=6 (full 1):
 PSYoungGen      total 71680K, used 0K [0x00000000d5f00000, 0x00000000df000000, 0x0000000100000000)
  eden space 66560K, 0% used [0x00000000d5f00000,0x00000000d5f00000,0x00000000da000000)
  from space 5120K, 0% used [0x00000000da000000,0x00000000da000000,0x00000000da500000)
  to   space 7680K, 0% used [0x00000000de880000,0x00000000de880000,0x00000000df000000)
 ParOldGen       total 55296K, used 6665K [0x0000000081c00000, 0x0000000085200000, 0x00000000d5f00000)
  object space 55296K, 12% used [0x0000000081c00000,0x00000000822824f0,0x0000000085200000)
 Metaspace       used 20697K, capacity 21250K, committed 21296K, reserved 1067008K
  class space    used 2678K, capacity 2842K, committed 2864K, reserved 1048576K
}
Event: 1.978 GC heap before
{Heap before GC invocations=7 (full 1):
 PSYoungGen      total 71680K, used 66560K [0x00000000d5f00000, 0x00000000df000000, 0x0000000100000000)
  eden space 66560K, 100% used [0x00000000d5f00000,0x00000000da000000,0x00000000da000000)
  from space 5120K, 0% used [0x00000000da000000,0x00000000da000000,0x00000000da500000)
  to   space 7680K, 0% used [0x00000000de880000,0x00000000de880000,0x00000000df000000)
 ParOldGen       total 55296K, used 7616K [0x0000000081c00000, 0x0000000085200000, 0x00000000d5f00000)
  object space 55296K, 13% used [0x0000000081c00000,0x00000000823701a8,0x0000000085200000)
 Metaspace       used 26342K, capacity 27112K, committed 27184K, reserved 1073152K
  class space    used 3393K, capacity 3575K, committed 3632K, reserved 1048576K
Event: 1.986 GC heap after
Heap after GC invocations=7 (full 1):
 PSYoungGen      total 112640K, used 7005K [0x00000000d5f00000, 0x00000000def80000, 0x0000000100000000)
  eden space 105472K, 0% used [0x00000000d5f00000,0x00000000d5f00000,0x00000000dc600000)
  from space 7168K, 97% used [0x00000000de880000,0x00000000def574e0,0x00000000def80000)
  to   space 8192K, 0% used [0x00000000ddf80000,0x00000000ddf80000,0x00000000de780000)
 ParOldGen       total 55296K, used 7688K [0x0000000081c00000, 0x0000000085200000, 0x00000000d5f00000)
  object space 55296K, 13% used [0x0000000081c00000,0x00000000823821b8,0x0000000085200000)
 Metaspace       used 26342K, capacity 27112K, committed 27184K, reserved 1073152K
  class space    used 3393K, capacity 3575K, committed 3632K, reserved 1048576K
}
Event: 2.674 GC heap before
{Heap before GC invocations=8 (full 1):
 PSYoungGen      total 112640K, used 112477K [0x00000000d5f00000, 0x00000000def80000, 0x0000000100000000)
  eden space 105472K, 100% used [0x00000000d5f00000,0x00000000dc600000,0x00000000dc600000)
  from space 7168K, 97% used [0x00000000de880000,0x00000000def574e0,0x00000000def80000)
  to   space 8192K, 0% used [0x00000000ddf80000,0x00000000ddf80000,0x00000000de780000)
 ParOldGen       total 55296K, used 7688K [0x0000000081c00000, 0x0000000085200000, 0x00000000d5f00000)
  object space 55296K, 13% used [0x0000000081c00000,0x00000000823821b8,0x0000000085200000)
 Metaspace       used 30106K, capacity 31094K, committed 31280K, reserved 1077248K
  class space    used 3880K, capacity 4128K, committed 4144K, reserved 1048576K
Event: 2.683 GC heap after
Heap after GC invocations=8 (full 1):
 PSYoungGen      total 113664K, used 8189K [0x00000000d5f00000, 0x00000000def80000, 0x0000000100000000)
  eden space 105472K, 0% used [0x00000000d5f00000,0x00000000d5f00000,0x00000000dc600000)
  from space 8192K, 99% used [0x00000000ddf80000,0x00000000de77f480,0x00000000de780000)
  to   space 7168K, 0% used [0x00000000de880000,0x00000000de880000,0x00000000def80000)
 ParOldGen       total 55296K, used 8574K [0x0000000081c00000, 0x0000000085200000, 0x00000000d5f00000)
  object space 55296K, 15% used [0x0000000081c00000,0x000000008245f908,0x0000000085200000)
 Metaspace       used 30106K, capacity 31094K, committed 31280K, reserved 1077248K
  class space    used 3880K, capacity 4128K, committed 4144K, reserved 1048576K
}
Event: 3.239 GC heap before
{Heap before GC invocations=9 (full 1):
 PSYoungGen      total 113664K, used 65616K [0x00000000d5f00000, 0x00000000def80000, 0x0000000100000000)
  eden space 105472K, 54% used [0x00000000d5f00000,0x00000000d9714f60,0x00000000dc600000)
  from space 8192K, 99% used [0x00000000ddf80000,0x00000000de77f480,0x00000000de780000)
  to   space 7168K, 0% used [0x00000000de880000,0x00000000de880000,0x00000000def80000)
 ParOldGen       total 55296K, used 8574K [0x0000000081c00000, 0x0000000085200000, 0x00000000d5f00000)
  object space 55296K, 15% used [0x0000000081c00000,0x000000008245f908,0x0000000085200000)
 Metaspace       used 34226K, capacity 35338K, committed 35496K, reserved 1081344K
  class space    used 4366K, capacity 4604K, committed 4656K, reserved 1048576K
Event: 3.249 GC heap after
Heap after GC invocations=9 (full 1):
 PSYoungGen      total 112640K, used 7137K [0x00000000d5f00000, 0x00000000def80000, 0x0000000100000000)
  eden space 105472K, 0% used [0x00000000d5f00000,0x00000000d5f00000,0x00000000dc600000)
  from space 7168K, 99% used [0x00000000de880000,0x00000000def78570,0x00000000def80000)
  to   space 8192K, 0% used [0x00000000ddf80000,0x00000000ddf80000,0x00000000de780000)
 ParOldGen       total 55296K, used 12581K [0x0000000081c00000, 0x0000000085200000, 0x00000000d5f00000)
  object space 55296K, 22% used [0x0000000081c00000,0x0000000082849760,0x0000000085200000)
 Metaspace       used 34226K, capacity 35338K, committed 35496K, reserved 1081344K
  class space    used 4366K, capacity 4604K, committed 4656K, reserved 1048576K
}
Event: 3.249 GC heap before
{Heap before GC invocations=10 (full 2):
 PSYoungGen      total 112640K, used 7137K [0x00000000d5f00000, 0x00000000def80000, 0x0000000100000000)
  eden space 105472K, 0% used [0x00000000d5f00000,0x00000000d5f00000,0x00000000dc600000)
  from space 7168K, 99% used [0x00000000de880000,0x00000000def78570,0x00000000def80000)
  to   space 8192K, 0% used [0x00000000ddf80000,0x00000000ddf80000,0x00000000de780000)
 ParOldGen       total 55296K, used 12581K [0x0000000081c00000, 0x0000000085200000, 0x00000000d5f00000)
  object space 55296K, 22% used [0x0000000081c00000,0x0000000082849760,0x0000000085200000)
 Metaspace       used 34226K, capacity 35338K, committed 35496K, reserved 1081344K
  class space    used 4366K, capacity 4604K, committed 4656K, reserved 1048576K
Event: 3.308 GC heap after
Heap after GC invocations=10 (full 2):
 PSYoungGen      total 112640K, used 0K [0x00000000d5f00000, 0x00000000def80000, 0x0000000100000000)
  eden space 105472K, 0% used [0x00000000d5f00000,0x00000000d5f00000,0x00000000dc600000)
  from space 7168K, 0% used [0x00000000de880000,0x00000000de880000,0x00000000def80000)
  to   space 8192K, 0% used [0x00000000ddf80000,0x00000000ddf80000,0x00000000de780000)
 ParOldGen       total 55296K, used 15623K [0x0000000081c00000, 0x0000000085200000, 0x00000000d5f00000)
  object space 55296K, 28% used [0x0000000081c00000,0x0000000082b41e30,0x0000000085200000)
 Metaspace       used 34226K, capacity 35338K, committed 35496K, reserved 1081344K
  class space    used 4366K, capacity 4604K, committed 4656K, reserved 1048576K
}

