# JRE version: Java(TM) SE Runtime Environment (8.0_181-b13) (build 1.8.0_181-b13)
# Java VM: Java HotSpot(TM) 64-Bit Server VM (25.181-b13 mixed mode windows-amd64 compressed oops)
Heap:
 PSYoungGen      total 226304K, used 33792K [0x00000000d5f00000, 0x00000000e5080000, 0x0000000100000000)
  eden space 210432K, 8% used [0x00000000d5f00000,0x00000000d70f8428,0x00000000e2c80000)
  from space 15872K, 96% used [0x00000000e3d80000,0x00000000e4c87d30,0x00000000e4d00000)
  to   space 17408K, 0% used [0x00000000e2c80000,0x00000000e2c80000,0x00000000e3d80000)
 ParOldGen       total 88064K, used 23780K [0x0000000081c00000, 0x0000000087200000, 0x00000000d5f00000)
  object space 88064K, 27% used [0x0000000081c00000,0x00000000833393c8,0x0000000087200000)
 Metaspace       used 56042K, capacity 58152K, committed 58416K, reserved 1099776K
  class space    used 7575K, capacity 7975K, committed 7984K, reserved 1048576K
GC Heap History (10 events):
Event: 2.662 GC heap before
{Heap before GC invocations=8 (full 1):
 PSYoungGen      total 115200K, used 114787K [0x00000000d5f00000, 0x00000000def80000, 0x0000000100000000)
  eden space 108032K, 100% used [0x00000000d5f00000,0x00000000dc880000,0x00000000dc880000)
  from space 7168K, 94% used [0x00000000de880000,0x00000000def18f88,0x00000000def80000)
  to   space 8192K, 0% used [0x00000000ddf80000,0x00000000ddf80000,0x00000000de780000)
 ParOldGen       total 54272K, used 6690K [0x0000000081c00000, 0x0000000085100000, 0x00000000d5f00000)
  object space 54272K, 12% used [0x0000000081c00000,0x0000000082288a58,0x0000000085100000)
 Metaspace       used 30161K, capacity 31168K, committed 31280K, reserved 1077248K
  class space    used 3888K, capacity 4129K, committed 4144K, reserved 1048576K
Event: 2.669 GC heap after
Heap after GC invocations=8 (full 1):
 PSYoungGen      total 139776K, used 8189K [0x00000000d5f00000, 0x00000000e1800000, 0x0000000100000000)
  eden space 131584K, 0% used [0x00000000d5f00000,0x00000000d5f00000,0x00000000ddf80000)
  from space 8192K, 99% used [0x00000000ddf80000,0x00000000de77f500,0x00000000de780000)
  to   space 9216K, 0% used [0x00000000e0f00000,0x00000000e0f00000,0x00000000e1800000)
 ParOldGen       total 54272K, used 7659K [0x0000000081c00000, 0x0000000085100000, 0x00000000d5f00000)
  object space 54272K, 14% used [0x0000000081c00000,0x000000008237ae68,0x0000000085100000)
 Metaspace       used 30161K, capacity 31168K, committed 31280K, reserved 1077248K
  class space    used 3888K, capacity 4129K, committed 4144K, reserved 1048576K
}
Event: 3.176 GC heap before
{Heap before GC invocations=9 (full 1):
 PSYoungGen      total 139776K, used 62028K [0x00000000d5f00000, 0x00000000e1800000, 0x0000000100000000)
  eden space 131584K, 40% used [0x00000000d5f00000,0x00000000d9393e68,0x00000000ddf80000)
  from space 8192K, 99% used [0x00000000ddf80000,0x00000000de77f500,0x00000000de780000)
  to   space 9216K, 0% used [0x00000000e0f00000,0x00000000e0f00000,0x00000000e1800000)
 ParOldGen       total 54272K, used 7659K [0x0000000081c00000, 0x0000000085100000, 0x00000000d5f00000)
  object space 54272K, 14% used [0x0000000081c00000,0x000000008237ae68,0x0000000085100000)
 Metaspace       used 34227K, capacity 35342K, committed 35496K, reserved 1081344K
  class space    used 4364K, capacity 4604K, committed 4656K, reserved 1048576K
Event: 3.187 GC heap after
Heap after GC invocations=9 (full 1):
 PSYoungGen      total 178176K, used 9199K [0x00000000d5f00000, 0x00000000e4000000, 0x0000000100000000)
  eden space 168960K, 0% used [0x00000000d5f00000,0x00000000d5f00000,0x00000000e0400000)
  from space 9216K, 99% used [0x00000000e0f00000,0x00000000e17fbdf0,0x00000000e1800000)
  to   space 11264K, 0% used [0x00000000e0400000,0x00000000e0400000,0x00000000e0f00000)
 ParOldGen       total 54272K, used 9480K [0x0000000081c00000, 0x0000000085100000, 0x00000000d5f00000)
  object space 54272K, 17% used [0x0000000081c00000,0x00000000825423c0,0x0000000085100000)
 Metaspace       used 34227K, capacity 35342K, committed 35496K, reserved 1081344K
  class space    used 4364K, capacity 4604K, committed 4656K, reserved 1048576K
}
Event: 3.187 GC heap before
{Heap before GC invocations=10 (full 2):
 PSYoungGen      total 178176K, used 9199K [0x00000000d5f00000, 0x00000000e4000000, 0x0000000100000000)
  eden space 168960K, 0% used [0x00000000d5f00000,0x00000000d5f00000,0x00000000e0400000)
  from space 9216K, 99% used [0x00000000e0f00000,0x00000000e17fbdf0,0x00000000e1800000)
  to   space 11264K, 0% used [0x00000000e0400000,0x00000000e0400000,0x00000000e0f00000)
 ParOldGen       total 54272K, used 9480K [0x0000000081c00000, 0x0000000085100000, 0x00000000d5f00000)
  object space 54272K, 17% used [0x0000000081c00000,0x00000000825423c0,0x0000000085100000)
 Metaspace       used 34227K, capacity 35342K, committed 35496K, reserved 1081344K
  class space    used 4364K, capacity 4604K, committed 4656K, reserved 1048576K
Event: 3.245 GC heap after
Heap after GC invocations=10 (full 2):
 PSYoungGen      total 178176K, used 0K [0x00000000d5f00000, 0x00000000e4000000, 0x0000000100000000)
  eden space 168960K, 0% used [0x00000000d5f00000,0x00000000d5f00000,0x00000000e0400000)
  from space 9216K, 0% used [0x00000000e0f00000,0x00000000e0f00000,0x00000000e1800000)
  to   space 11264K, 0% used [0x00000000e0400000,0x00000000e0400000,0x00000000e0f00000)
 ParOldGen       total 88064K, used 15579K [0x0000000081c00000, 0x0000000087200000, 0x00000000d5f00000)
  object space 88064K, 17% used [0x0000000081c00000,0x0000000082b36dc0,0x0000000087200000)
 Metaspace       used 34227K, capacity 35342K, committed 35496K, reserved 1081344K
  class space    used 4364K, capacity 4604K, committed 4656K, reserved 1048576K
}
Event: 5.235 GC heap before
{Heap before GC invocations=11 (full 2):
 PSYoungGen      total 178176K, used 168960K [0x00000000d5f00000, 0x00000000e4000000, 0x0000000100000000)
  eden space 168960K, 100% used [0x00000000d5f00000,0x00000000e0400000,0x00000000e0400000)
  from space 9216K, 0% used [0x00000000e0f00000,0x00000000e0f00000,0x00000000e1800000)
  to   space 11264K, 0% used [0x00000000e0400000,0x00000000e0400000,0x00000000e0f00000)
 ParOldGen       total 88064K, used 15589K [0x0000000081c00000, 0x0000000087200000, 0x00000000d5f00000)
  object space 88064K, 17% used [0x0000000081c00000,0x0000000082b39498,0x0000000087200000)
 Metaspace       used 51330K, capacity 52736K, committed 53168K, reserved 1095680K
  class space    used 6921K, capacity 7227K, committed 7344K, reserved 1048576K
Event: 5.251 GC heap after
Heap after GC invocations=11 (full 2):
 PSYoungGen      total 180224K, used 11233K [0x00000000d5f00000, 0x00000000e4d00000, 0x0000000100000000)
  eden space 168960K, 0% used [0x00000000d5f00000,0x00000000d5f00000,0x00000000e0400000)
  from space 11264K, 99% used [0x00000000e0400000,0x00000000e0ef87d0,0x00000000e0f00000)
  to   space 15872K, 0% used [0x00000000e3d80000,0x00000000e3d80000,0x00000000e4d00000)
 ParOldGen       total 88064K, used 23772K [0x0000000081c00000, 0x0000000087200000, 0x00000000d5f00000)
  object space 88064K, 26% used [0x0000000081c00000,0x00000000833373c8,0x0000000087200000)
 Metaspace       used 51330K, capacity 52736K, committed 53168K, reserved 1095680K
  class space    used 6921K, capacity 7227K, committed 7344K, reserved 1048576K
}
Event: 6.413 GC heap before
{Heap before GC invocations=12 (full 2):
 PSYoungGen      total 180224K, used 180193K [0x00000000d5f00000, 0x00000000e4d00000, 0x0000000100000000)
  eden space 168960K, 100% used [0x00000000d5f00000,0x00000000e0400000,0x00000000e0400000)
  from space 11264K, 99% used [0x00000000e0400000,0x00000000e0ef87d0,0x00000000e0f00000)
  to   space 15872K, 0% used [0x00000000e3d80000,0x00000000e3d80000,0x00000000e4d00000)
 ParOldGen       total 88064K, used 23772K [0x0000000081c00000, 0x0000000087200000, 0x00000000d5f00000)
  object space 88064K, 26% used [0x0000000081c00000,0x00000000833373c8,0x0000000087200000)
 Metaspace       used 55611K, capacity 57630K, committed 57904K, reserved 1099776K
  class space    used 7508K, capacity 7888K, committed 7984K, reserved 1048576K
Event: 6.437 GC heap after
Heap after GC invocations=12 (full 2):
 PSYoungGen      total 226304K, used 15391K [0x00000000d5f00000, 0x00000000e5080000, 0x0000000100000000)
  eden space 210432K, 0% used [0x00000000d5f00000,0x00000000d5f00000,0x00000000e2c80000)
  from space 15872K, 96% used [0x00000000e3d80000,0x00000000e4c87d30,0x00000000e4d00000)
  to   space 17408K, 0% used [0x00000000e2c80000,0x00000000e2c80000,0x00000000e3d80000)
 ParOldGen       total 88064K, used 23780K [0x0000000081c00000, 0x0000000087200000, 0x00000000d5f00000)
  object space 88064K, 27% used [0x0000000081c00000,0x00000000833393c8,0x0000000087200000)
 Metaspace       used 55611K, capacity 57630K, committed 57904K, reserved 1099776K
  class space    used 7508K, capacity 7888K, committed 7984K, reserved 1048576K
}

