# JRE version: Java(TM) SE Runtime Environment (8.0_181-b13) (build 1.8.0_181-b13)
# Java VM: Java HotSpot(TM) 64-Bit Server VM (25.181-b13 mixed mode windows-amd64 compressed oops)
Heap:
 PSYoungGen      total 145920K, used 36720K [0x00000000d5f00000, 0x00000000e0b80000, 0x0000000100000000)
  eden space 145408K, 25% used [0x00000000d5f00000,0x00000000d82dc260,0x00000000ded00000)
  from space 512K, 0% used [0x00000000e0b00000,0x00000000e0b00000,0x00000000e0b80000)
  to   space 12288K, 0% used [0x00000000df380000,0x00000000df380000,0x00000000dff80000)
 ParOldGen       total 55296K, used 14881K [0x0000000081c00000, 0x0000000085200000, 0x00000000d5f00000)
  object space 55296K, 26% used [0x0000000081c00000,0x0000000082a885d8,0x0000000085200000)
 Metaspace       used 39581K, capacity 40826K, committed 41128K, reserved 1087488K
  class space    used 5066K, capacity 5330K, committed 5424K, reserved 1048576K
GC Heap History (10 events):
Event: 3.512 GC heap before
{Heap before GC invocations=10 (full 2):
 PSYoungGen      total 141312K, used 9186K [0x00000000d5f00000, 0x00000000e1400000, 0x0000000100000000)
  eden space 132096K, 0% used [0x00000000d5f00000,0x00000000d5f00000,0x00000000de000000)
  from space 9216K, 99% used [0x00000000e0b00000,0x00000000e13f88b8,0x00000000e1400000)
  to   space 7680K, 0% used [0x00000000de000000,0x00000000de000000,0x00000000de780000)
 ParOldGen       total 55296K, used 10319K [0x0000000081c00000, 0x0000000085200000, 0x00000000d5f00000)
  object space 55296K, 18% used [0x0000000081c00000,0x0000000082613fb0,0x0000000085200000)
 Metaspace       used 34226K, capacity 35334K, committed 35496K, reserved 1081344K
  class space    used 4368K, capacity 4604K, committed 4656K, reserved 1048576K
Event: 3.583 GC heap after
Heap after GC invocations=10 (full 2):
 PSYoungGen      total 141312K, used 0K [0x00000000d5f00000, 0x00000000e1400000, 0x0000000100000000)
  eden space 132096K, 0% used [0x00000000d5f00000,0x00000000d5f00000,0x00000000de000000)
  from space 9216K, 0% used [0x00000000e0b00000,0x00000000e0b00000,0x00000000e1400000)
  to   space 7680K, 0% used [0x00000000de000000,0x00000000de000000,0x00000000de780000)
 ParOldGen       total 55296K, used 15583K [0x0000000081c00000, 0x0000000085200000, 0x00000000d5f00000)
  object space 55296K, 28% used [0x0000000081c00000,0x0000000082b37ea0,0x0000000085200000)
 Metaspace       used 34226K, capacity 35334K, committed 35496K, reserved 1081344K
  class space    used 4368K, capacity 4604K, committed 4656K, reserved 1048576K
}
Event: 3.860 GC heap before
{Heap before GC invocations=11 (full 2):
 PSYoungGen      total 141312K, used 10126K [0x00000000d5f00000, 0x00000000e1400000, 0x0000000100000000)
  eden space 132096K, 7% used [0x00000000d5f00000,0x00000000d68e3bf0,0x00000000de000000)
  from space 9216K, 0% used [0x00000000e0b00000,0x00000000e0b00000,0x00000000e1400000)
  to   space 7680K, 0% used [0x00000000de000000,0x00000000de000000,0x00000000de780000)
 ParOldGen       total 55296K, used 15583K [0x0000000081c00000, 0x0000000085200000, 0x00000000d5f00000)
  object space 55296K, 28% used [0x0000000081c00000,0x0000000082b37ea0,0x0000000085200000)
 Metaspace       used 35962K, capacity 37116K, committed 37288K, reserved 1085440K
  class space    used 4554K, capacity 4805K, committed 4912K, reserved 1048576K
Event: 3.862 GC heap after
Heap after GC invocations=11 (full 2):
 PSYoungGen      total 139776K, used 1430K [0x00000000d5f00000, 0x00000000e1400000, 0x0000000100000000)
  eden space 132096K, 0% used [0x00000000d5f00000,0x00000000d5f00000,0x00000000de000000)
  from space 7680K, 18% used [0x00000000de000000,0x00000000de165bc0,0x00000000de780000)
  to   space 9216K, 0% used [0x00000000e0b00000,0x00000000e0b00000,0x00000000e1400000)
 ParOldGen       total 55296K, used 15591K [0x0000000081c00000, 0x0000000085200000, 0x00000000d5f00000)
  object space 55296K, 28% used [0x0000000081c00000,0x0000000082b39ea0,0x0000000085200000)
 Metaspace       used 35962K, capacity 37116K, committed 37288K, reserved 1085440K
  class space    used 4554K, capacity 4805K, committed 4912K, reserved 1048576K
}
Event: 3.862 GC heap before
{Heap before GC invocations=12 (full 3):
 PSYoungGen      total 139776K, used 1430K [0x00000000d5f00000, 0x00000000e1400000, 0x0000000100000000)
  eden space 132096K, 0% used [0x00000000d5f00000,0x00000000d5f00000,0x00000000de000000)
  from space 7680K, 18% used [0x00000000de000000,0x00000000de165bc0,0x00000000de780000)
  to   space 9216K, 0% used [0x00000000e0b00000,0x00000000e0b00000,0x00000000e1400000)
 ParOldGen       total 55296K, used 15591K [0x0000000081c00000, 0x0000000085200000, 0x00000000d5f00000)
  object space 55296K, 28% used [0x0000000081c00000,0x0000000082b39ea0,0x0000000085200000)
 Metaspace       used 35962K, capacity 37116K, committed 37288K, reserved 1085440K
  class space    used 4554K, capacity 4805K, committed 4912K, reserved 1048576K
Event: 3.918 GC heap after
Heap after GC invocations=12 (full 3):
 PSYoungGen      total 139776K, used 0K [0x00000000d5f00000, 0x00000000e1400000, 0x0000000100000000)
  eden space 132096K, 0% used [0x00000000d5f00000,0x00000000d5f00000,0x00000000de000000)
  from space 7680K, 0% used [0x00000000de000000,0x00000000de000000,0x00000000de780000)
  to   space 9216K, 0% used [0x00000000e0b00000,0x00000000e0b00000,0x00000000e1400000)
 ParOldGen       total 55296K, used 14931K [0x0000000081c00000, 0x0000000085200000, 0x00000000d5f00000)
  object space 55296K, 27% used [0x0000000081c00000,0x0000000082a94ee0,0x0000000085200000)
 Metaspace       used 35962K, capacity 37116K, committed 37288K, reserved 1083392K
  class space    used 4554K, capacity 4805K, committed 4912K, reserved 1048576K
}
Event: 4.027 GC heap before
{Heap before GC invocations=13 (full 3):
 PSYoungGen      total 139776K, used 4183K [0x00000000d5f00000, 0x00000000e1400000, 0x0000000100000000)
  eden space 132096K, 3% used [0x00000000d5f00000,0x00000000d6315de8,0x00000000de000000)
  from space 7680K, 0% used [0x00000000de000000,0x00000000de000000,0x00000000de780000)
  to   space 9216K, 0% used [0x00000000e0b00000,0x00000000e0b00000,0x00000000e1400000)
 ParOldGen       total 55296K, used 14931K [0x0000000081c00000, 0x0000000085200000, 0x00000000d5f00000)
  object space 55296K, 27% used [0x0000000081c00000,0x0000000082a94ee0,0x0000000085200000)
 Metaspace       used 36254K, capacity 37404K, committed 37544K, reserved 1089536K
  class space    used 4584K, capacity 4837K, committed 4912K, reserved 1048576K
Event: 4.029 GC heap after
Heap after GC invocations=13 (full 3):
 PSYoungGen      total 145920K, used 252K [0x00000000d5f00000, 0x00000000e0b80000, 0x0000000100000000)
  eden space 145408K, 0% used [0x00000000d5f00000,0x00000000d5f00000,0x00000000ded00000)
  from space 512K, 49% used [0x00000000e0b00000,0x00000000e0b3f038,0x00000000e0b80000)
  to   space 12288K, 0% used [0x00000000df380000,0x00000000df380000,0x00000000dff80000)
 ParOldGen       total 55296K, used 14939K [0x0000000081c00000, 0x0000000085200000, 0x00000000d5f00000)
  object space 55296K, 27% used [0x0000000081c00000,0x0000000082a96ee0,0x0000000085200000)
 Metaspace       used 36254K, capacity 37404K, committed 37544K, reserved 1089536K
  class space    used 4584K, capacity 4837K, committed 4912K, reserved 1048576K
}
Event: 4.029 GC heap before
{Heap before GC invocations=14 (full 4):
 PSYoungGen      total 145920K, used 252K [0x00000000d5f00000, 0x00000000e0b80000, 0x0000000100000000)
  eden space 145408K, 0% used [0x00000000d5f00000,0x00000000d5f00000,0x00000000ded00000)
  from space 512K, 49% used [0x00000000e0b00000,0x00000000e0b3f038,0x00000000e0b80000)
  to   space 12288K, 0% used [0x00000000df380000,0x00000000df380000,0x00000000dff80000)
 ParOldGen       total 55296K, used 14939K [0x0000000081c00000, 0x0000000085200000, 0x00000000d5f00000)
  object space 55296K, 27% used [0x0000000081c00000,0x0000000082a96ee0,0x0000000085200000)
 Metaspace       used 36254K, capacity 37404K, committed 37544K, reserved 1089536K
  class space    used 4584K, capacity 4837K, committed 4912K, reserved 1048576K
Event: 4.060 GC heap after
Heap after GC invocations=14 (full 4):
 PSYoungGen      total 145920K, used 0K [0x00000000d5f00000, 0x00000000e0b80000, 0x0000000100000000)
  eden space 145408K, 0% used [0x00000000d5f00000,0x00000000d5f00000,0x00000000ded00000)
  from space 512K, 0% used [0x00000000e0b00000,0x00000000e0b00000,0x00000000e0b80000)
  to   space 12288K, 0% used [0x00000000df380000,0x00000000df380000,0x00000000dff80000)
 ParOldGen       total 55296K, used 14881K [0x0000000081c00000, 0x0000000085200000, 0x00000000d5f00000)
  object space 55296K, 26% used [0x0000000081c00000,0x0000000082a885d8,0x0000000085200000)
 Metaspace       used 36254K, capacity 37404K, committed 37544K, reserved 1085440K
  class space    used 4584K, capacity 4837K, committed 4912K, reserved 1048576K
}

