# JRE version: Java(TM) SE Runtime Environment (8.0_181-b13) (build 1.8.0_181-b13)
# Java VM: Java HotSpot(TM) 64-Bit Server VM (25.181-b13 mixed mode windows-amd64 compressed oops)
Heap:
 PSYoungGen      total 38400K, used 26972K [0x00000000d5f00000, 0x00000000d8980000, 0x0000000100000000)
  eden space 33280K, 65% used [0x00000000d5f00000,0x00000000d74570d0,0x00000000d7f80000)
  from space 5120K, 100% used [0x00000000d8480000,0x00000000d8980000,0x00000000d8980000)
  to   space 5120K, 0% used [0x00000000d7f80000,0x00000000d7f80000,0x00000000d8480000)
 ParOldGen       total 57344K, used 10596K [0x0000000081c00000, 0x0000000085400000, 0x00000000d5f00000)
  object space 57344K, 18% used [0x0000000081c00000,0x00000000826591f8,0x0000000085400000)
 Metaspace       used 15668K, capacity 15928K, committed 16128K, reserved 1064960K
  class space    used 1875K, capacity 1980K, committed 2048K, reserved 1048576K
GC Heap History (10 events):
Event: 1.116 GC heap before
{Heap before GC invocations=3 (full 0):
 PSYoungGen      total 38400K, used 13220K [0x00000000d5f00000, 0x00000000d8980000, 0x0000000100000000)
  eden space 33280K, 24% used [0x00000000d5f00000,0x00000000d66eff28,0x00000000d7f80000)
  from space 5120K, 99% used [0x00000000d8480000,0x00000000d89792c8,0x00000000d8980000)
  to   space 5120K, 0% used [0x00000000d7f80000,0x00000000d7f80000,0x00000000d8480000)
 ParOldGen       total 87552K, used 1857K [0x0000000081c00000, 0x0000000087180000, 0x00000000d5f00000)
  object space 87552K, 2% used [0x0000000081c00000,0x0000000081dd0718,0x0000000087180000)
 Metaspace       used 12736K, capacity 12884K, committed 13056K, reserved 1064960K
  class space    used 1622K, capacity 1734K, committed 1792K, reserved 1048576K
Event: 1.119 GC heap after
Heap after GC invocations=3 (full 0):
 PSYoungGen      total 38400K, used 4211K [0x00000000d5f00000, 0x00000000d8980000, 0x0000000100000000)
  eden space 33280K, 0% used [0x00000000d5f00000,0x00000000d5f00000,0x00000000d7f80000)
  from space 5120K, 82% used [0x00000000d7f80000,0x00000000d839ce20,0x00000000d8480000)
  to   space 5120K, 0% used [0x00000000d8480000,0x00000000d8480000,0x00000000d8980000)
 ParOldGen       total 87552K, used 1865K [0x0000000081c00000, 0x0000000087180000, 0x00000000d5f00000)
  object space 87552K, 2% used [0x0000000081c00000,0x0000000081dd2718,0x0000000087180000)
 Metaspace       used 12736K, capacity 12884K, committed 13056K, reserved 1064960K
  class space    used 1622K, capacity 1734K, committed 1792K, reserved 1048576K
}
Event: 1.119 GC heap before
{Heap before GC invocations=4 (full 1):
 PSYoungGen      total 38400K, used 4211K [0x00000000d5f00000, 0x00000000d8980000, 0x0000000100000000)
  eden space 33280K, 0% used [0x00000000d5f00000,0x00000000d5f00000,0x00000000d7f80000)
  from space 5120K, 82% used [0x00000000d7f80000,0x00000000d839ce20,0x00000000d8480000)
  to   space 5120K, 0% used [0x00000000d8480000,0x00000000d8480000,0x00000000d8980000)
 ParOldGen       total 87552K, used 1865K [0x0000000081c00000, 0x0000000087180000, 0x00000000d5f00000)
  object space 87552K, 2% used [0x0000000081c00000,0x0000000081dd2718,0x0000000087180000)
 Metaspace       used 12736K, capacity 12884K, committed 13056K, reserved 1064960K
  class space    used 1622K, capacity 1734K, committed 1792K, reserved 1048576K
Event: 1.138 GC heap after
Heap after GC invocations=4 (full 1):
 PSYoungGen      total 38400K, used 0K [0x00000000d5f00000, 0x00000000d8980000, 0x0000000100000000)
  eden space 33280K, 0% used [0x00000000d5f00000,0x00000000d5f00000,0x00000000d7f80000)
  from space 5120K, 0% used [0x00000000d7f80000,0x00000000d7f80000,0x00000000d8480000)
  to   space 5120K, 0% used [0x00000000d8480000,0x00000000d8480000,0x00000000d8980000)
 ParOldGen       total 57344K, used 4061K [0x0000000081c00000, 0x0000000085400000, 0x00000000d5f00000)
  object space 57344K, 7% used [0x0000000081c00000,0x0000000081ff74c8,0x0000000085400000)
 Metaspace       used 12736K, capacity 12884K, committed 13056K, reserved 1062912K
  class space    used 1622K, capacity 1734K, committed 1792K, reserved 1048576K
}
Event: 1.538 GC heap before
{Heap before GC invocations=5 (full 1):
 PSYoungGen      total 38400K, used 33280K [0x00000000d5f00000, 0x00000000d8980000, 0x0000000100000000)
  eden space 33280K, 100% used [0x00000000d5f00000,0x00000000d7f80000,0x00000000d7f80000)
  from space 5120K, 0% used [0x00000000d7f80000,0x00000000d7f80000,0x00000000d8480000)
  to   space 5120K, 0% used [0x00000000d8480000,0x00000000d8480000,0x00000000d8980000)
 ParOldGen       total 57344K, used 4061K [0x0000000081c00000, 0x0000000085400000, 0x00000000d5f00000)
  object space 57344K, 7% used [0x0000000081c00000,0x0000000081ff74c8,0x0000000085400000)
 Metaspace       used 14896K, capacity 15144K, committed 15360K, reserved 1062912K
  class space    used 1836K, capacity 1940K, committed 2048K, reserved 1048576K
Event: 1.543 GC heap after
Heap after GC invocations=5 (full 1):
 PSYoungGen      total 38400K, used 5112K [0x00000000d5f00000, 0x00000000d8980000, 0x0000000100000000)
  eden space 33280K, 0% used [0x00000000d5f00000,0x00000000d5f00000,0x00000000d7f80000)
  from space 5120K, 99% used [0x00000000d8480000,0x00000000d897e2f8,0x00000000d8980000)
  to   space 5120K, 0% used [0x00000000d7f80000,0x00000000d7f80000,0x00000000d8480000)
 ParOldGen       total 57344K, used 4621K [0x0000000081c00000, 0x0000000085400000, 0x00000000d5f00000)
  object space 57344K, 8% used [0x0000000081c00000,0x0000000082083498,0x0000000085400000)
 Metaspace       used 14896K, capacity 15144K, committed 15360K, reserved 1062912K
  class space    used 1836K, capacity 1940K, committed 2048K, reserved 1048576K
}
Event: 1.848 GC heap before
{Heap before GC invocations=6 (full 1):
 PSYoungGen      total 38400K, used 38392K [0x00000000d5f00000, 0x00000000d8980000, 0x0000000100000000)
  eden space 33280K, 100% used [0x00000000d5f00000,0x00000000d7f80000,0x00000000d7f80000)
  from space 5120K, 99% used [0x00000000d8480000,0x00000000d897e2f8,0x00000000d8980000)
  to   space 5120K, 0% used [0x00000000d7f80000,0x00000000d7f80000,0x00000000d8480000)
 ParOldGen       total 57344K, used 4621K [0x0000000081c00000, 0x0000000085400000, 0x00000000d5f00000)
  object space 57344K, 8% used [0x0000000081c00000,0x0000000082083498,0x0000000085400000)
 Metaspace       used 15396K, capacity 15630K, committed 15872K, reserved 1064960K
  class space    used 1867K, capacity 1973K, committed 2048K, reserved 1048576K
Event: 1.855 GC heap after
Heap after GC invocations=6 (full 1):
 PSYoungGen      total 38400K, used 5120K [0x00000000d5f00000, 0x00000000d8980000, 0x0000000100000000)
  eden space 33280K, 0% used [0x00000000d5f00000,0x00000000d5f00000,0x00000000d7f80000)
  from space 5120K, 100% used [0x00000000d7f80000,0x00000000d8480000,0x00000000d8480000)
  to   space 5120K, 0% used [0x00000000d8480000,0x00000000d8480000,0x00000000d8980000)
 ParOldGen       total 57344K, used 7645K [0x0000000081c00000, 0x0000000085400000, 0x00000000d5f00000)
  object space 57344K, 13% used [0x0000000081c00000,0x00000000823777e0,0x0000000085400000)
 Metaspace       used 15396K, capacity 15630K, committed 15872K, reserved 1064960K
  class space    used 1867K, capacity 1973K, committed 2048K, reserved 1048576K
}
Event: 2.023 GC heap before
{Heap before GC invocations=7 (full 1):
 PSYoungGen      total 38400K, used 38400K [0x00000000d5f00000, 0x00000000d8980000, 0x0000000100000000)
  eden space 33280K, 100% used [0x00000000d5f00000,0x00000000d7f80000,0x00000000d7f80000)
  from space 5120K, 100% used [0x00000000d7f80000,0x00000000d8480000,0x00000000d8480000)
  to   space 5120K, 0% used [0x00000000d8480000,0x00000000d8480000,0x00000000d8980000)
 ParOldGen       total 57344K, used 7645K [0x0000000081c00000, 0x0000000085400000, 0x00000000d5f00000)
  object space 57344K, 13% used [0x0000000081c00000,0x00000000823777e0,0x0000000085400000)
 Metaspace       used 15536K, capacity 15782K, committed 16128K, reserved 1064960K
  class space    used 1873K, capacity 1977K, committed 2048K, reserved 1048576K
Event: 2.032 GC heap after
Heap after GC invocations=7 (full 1):
 PSYoungGen      total 38400K, used 5120K [0x00000000d5f00000, 0x00000000d8980000, 0x0000000100000000)
  eden space 33280K, 0% used [0x00000000d5f00000,0x00000000d5f00000,0x00000000d7f80000)
  from space 5120K, 100% used [0x00000000d8480000,0x00000000d8980000,0x00000000d8980000)
  to   space 5120K, 0% used [0x00000000d7f80000,0x00000000d7f80000,0x00000000d8480000)
 ParOldGen       total 57344K, used 10596K [0x0000000081c00000, 0x0000000085400000, 0x00000000d5f00000)
  object space 57344K, 18% used [0x0000000081c00000,0x00000000826591f8,0x0000000085400000)
 Metaspace       used 15536K, capacity 15782K, committed 16128K, reserved 1064960K
  class space    used 1873K, capacity 1977K, committed 2048K, reserved 1048576K
}

